<?xml version="1.0" encoding="UTF-8"?>
<testng-results ignored="0" total="1" passed="1" failed="0" skipped="0">
  <reporter-output>
  </reporter-output>
  <suite started-at="2023-11-20T10:06:21 IST" name="Default suite" finished-at="2023-11-20T10:06:30 IST" duration-ms="8827">
    <groups>
    </groups>
    <test started-at="2023-11-20T10:06:21 IST" name="Default test" finished-at="2023-11-20T10:06:30 IST" duration-ms="8827">
      <class name="testngpkg.Windowhandler">
        <test-method is-config="true" signature="setUp()[pri:0, instance:testngpkg.Windowhandler@6574a52c]" started-at="2023-11-20T10:06:21 IST" name="setUp" finished-at="2023-11-20T10:06:26 IST" duration-ms="4144" status="PASS">
          <reporter-output>
          </reporter-output>
        </test-method> <!-- setUp -->
        <test-method signature="test()[pri:0, instance:testngpkg.Windowhandler@6574a52c]" started-at="2023-11-20T10:06:26 IST" name="test" finished-at="2023-11-20T10:06:30 IST" duration-ms="4612" status="PASS">
          <reporter-output>
          </reporter-output>
        </test-method> <!-- test -->
      </class> <!-- testngpkg.Windowhandler -->
    </test> <!-- Default test -->
  </suite> <!-- Default suite -->
</testng-results>
